[0210/155227.375:INFO:CONSOLE(7)] "Another connection wants to delete database 'wawc'. Closing db now to resume the delete request.", source: https://web.whatsapp.com/vendor1~app.0c8e960e5dfd7020f562.js (7)
[0210/155359.402:ERROR:cache_util_win.cc(20)] Unable to move the cache: Acesso negado. (0x5)
[0210/155359.402:ERROR:cache_util.cc(146)] Unable to move cache folder D:\Projetos\cardapio-digital\.wwebjs_auth\session-client\Default\GPUCache to D:\Projetos\cardapio-digital\.wwebjs_auth\session-client\Default\old_GPUCache_000
[0210/155359.402:ERROR:disk_cache.cc(192)] Unable to create cache
[0210/155359.402:ERROR:shader_disk_cache.cc(612)] Shader Cache Creation failed: -2
[0210/155401.460:ERROR:cache_util_win.cc(20)] Unable to move the cache: Acesso negado. (0x5)
[0210/155401.461:ERROR:cache_util.cc(146)] Unable to move cache folder D:\Projetos\cardapio-digital\.wwebjs_auth\session-client\Default\Cache\Cache_Data to D:\Projetos\cardapio-digital\.wwebjs_auth\session-client\Default\Cache\old_Cache_Data_000
[0210/155401.461:ERROR:disk_cache.cc(192)] Unable to create cache
[0210/155402.429:ERROR:service_worker_storage.cc(1904)] Failed to delete the database: Database IO error
[0210/155408.084:ERROR:quota_database.cc(823)] Could not open the quota database, resetting.
[0210/155411.154:ERROR:quota_database.cc(825)] Failed to reset the quota database.
[0210/155413.172:ERROR:sandbox_origin_database.cc(190)] SandboxOriginDatabase failed at: Init@storage/browser/file_system/sandbox_origin_database.cc:94 with error: IO error: D:\Projetos\cardapio-digital\.wwebjs_auth\session-client\Default\File System\Origins/LOCK: File currently in use. (ChromeMethodBFE: 15::LockFile::2)
[0210/155413.172:WARNING:sandbox_origin_database.cc(106)] Attempting to repair SandboxOriginDatabase.
[0210/155417.287:WARNING:sandbox_origin_database.cc(140)] Failed to repair SandboxOriginDatabase.
[0210/155419.315:ERROR:sandbox_origin_database.cc(190)] SandboxOriginDatabase failed at: Init@storage/browser/file_system/sandbox_origin_database.cc:94 with error: IO error: D:\Projetos\cardapio-digital\.wwebjs_auth\session-client\Default\File System\Origins/LOCK: File currently in use. (ChromeMethodBFE: 15::LockFile::2)
[0210/155419.315:WARNING:sandbox_origin_database.cc(106)] Attempting to repair SandboxOriginDatabase.
[0210/155423.375:WARNING:sandbox_origin_database.cc(140)] Failed to repair SandboxOriginDatabase.
[0210/155425.362:ERROR:cache_util_win.cc(20)] Unable to move the cache: Acesso negado. (0x5)
[0210/155425.362:ERROR:cache_util.cc(146)] Unable to move cache folder D:\Projetos\cardapio-digital\.wwebjs_auth\session-client\Default\GPUCache to D:\Projetos\cardapio-digital\.wwebjs_auth\session-client\Default\old_GPUCache_000
[0210/155425.362:ERROR:disk_cache.cc(192)] Unable to create cache
[0210/155425.362:ERROR:shader_disk_cache.cc(612)] Shader Cache Creation failed: -2
